<?xml version="1.0" encoding="UTF-8"?>
<!-- Generated by org.testng.reporters.JUnitReportReporter -->
<testsuite hostname="DESKTOP-G3E20IF" failures="0" tests="3" name="com.project_4.LoginTest" time="33.361" errors="0" timestamp="2020-05-26T23:15:40 IST" skipped="1">
  <testcase classname="com.project_4.LoginTest" name="loginTest" time="15.641"/>
  <system-out/>
  <testcase classname="com.project_4.LoginTest" name="loginTest" time="17.625"/>
  <system-out/>
  <testcase classname="com.project_4.LoginTest" name="loginTest" time="0.095">
    <skipped/>
  </testcase> <!-- loginTest -->
  <system-out/>
</testsuite> <!-- com.project_4.LoginTest -->
