<?xml version="1.0" encoding="UTF-8"?>
<!-- Generated by org.testng.reporters.JUnitReportReporter -->
<testsuite skipped="1" hostname="DESKTOP-G3E20IF" name="com.project_4.LoginTest" tests="3" failures="0" timestamp="2020-05-28T23:54:47 IST" time="23.169" errors="0">
  <testcase name="loginTest" time="11.011" classname="com.project_4.LoginTest"/>
  <system-out/>
  <testcase name="loginTest" time="0.063" classname="com.project_4.LoginTest">
    <skipped/>
  </testcase> <!-- loginTest -->
  <system-out/>
  <testcase name="loginTest" time="12.095" classname="com.project_4.LoginTest"/>
  <system-out/>
</testsuite> <!-- com.project_4.LoginTest -->
