<?xml version="1.0" encoding="UTF-8"?>
<!-- Generated by org.testng.reporters.JUnitReportReporter -->
<testsuite hostname="DESKTOP-G3E20IF" failures="0" tests="3" name="com.project_4.LoginTest" time="25.478" errors="0" timestamp="2020-05-26T23:18:32 IST" skipped="1">
  <testcase classname="com.project_4.LoginTest" name="loginTest" time="13.184"/>
  <testcase classname="com.project_4.LoginTest" name="loginTest" time="12.236"/>
  <testcase classname="com.project_4.LoginTest" name="loginTest" time="0.058">
    <skipped/>
  </testcase> <!-- loginTest -->
</testsuite> <!-- com.project_4.LoginTest -->
