<?xml version="1.0" encoding="UTF-8"?>
<!-- Generated by org.testng.reporters.JUnitReportReporter -->
<testsuite hostname="DESKTOP-G3E20IF" failures="0" tests="3" name="com.project_4.LoginTest" time="23.129" errors="0" timestamp="2020-05-27T23:43:55 IST" skipped="1">
  <testcase classname="com.project_4.LoginTest" name="loginTest" time="11.839"/>
  <testcase classname="com.project_4.LoginTest" name="loginTest" time="0.058">
    <skipped/>
  </testcase> <!-- loginTest -->
  <testcase classname="com.project_4.LoginTest" name="loginTest" time="11.232"/>
</testsuite> <!-- com.project_4.LoginTest -->
