<?xml version="1.0" encoding="UTF-8"?>
<!-- Generated by org.testng.reporters.JUnitReportReporter -->
<testsuite hostname="DESKTOP-G3E20IF" failures="0" tests="3" name="com.project_4.LoginTest" time="32.380" errors="0" timestamp="2020-05-29T09:38:58 IST" skipped="1">
  <testcase classname="com.project_4.LoginTest" name="loginTest" time="0.181">
    <skipped/>
  </testcase> <!-- loginTest -->
  <testcase classname="com.project_4.LoginTest" name="loginTest" time="17.484"/>
  <testcase classname="com.project_4.LoginTest" name="loginTest" time="14.715"/>
</testsuite> <!-- com.project_4.LoginTest -->
