<?xml version="1.0" encoding="UTF-8"?>
<!-- Generated by org.testng.reporters.JUnitReportReporter -->
<testsuite hostname="DESKTOP-G3E20IF" failures="0" tests="3" name="com.project_4.LoginTest" time="21.559" errors="0" timestamp="2020-05-30T00:30:55 IST" skipped="1">
  <testcase classname="com.project_4.LoginTest" name="loginTest" time="10.865"/>
  <testcase classname="com.project_4.LoginTest" name="loginTest" time="0.062">
    <skipped/>
  </testcase> <!-- loginTest -->
  <testcase classname="com.project_4.LoginTest" name="loginTest" time="10.632"/>
</testsuite> <!-- com.project_4.LoginTest -->
